listen on 127.0.0.1:19917
listen on 127.0.0.1:19917
connect succeed
reading...

handle cmd succeed
reading...

handle cmd succeed
reading...

handle cmd succeed
reading...
client disconnect
connect succeed
reading...

handle cmd succeed
reading...
client disconnect
connect succeed
reading...

reading...
client disconnect
connect succeed
reading...

handle cmd succeed
reading...

handle cmd succeed
reading...
client disconnect
connect succeed
reading...

handle cmd succeed
reading...

handle cmd succeed
reading...

handle cmd succeed
reading...

handle cmd succeed
reading...
client disconnect
listen on 127.0.0.1:19917
connect succeed
reading...

handle cmd succeed
reading...

handle cmd succeed
reading...

handle cmd succeed
reading...
client disconnect
connect succeed
reading...

handle cmd succeed
reading...
client disconnect
connect succeed
reading...

handle cmd succeed
reading...
client disconnect
connect succeed
reading...
client disconnect
connect succeed
reading...

handle cmd succeed
reading...
client disconnect
connect succeed
reading...

handle cmd succeed
reading...

handle cmd succeed
reading...

handle cmd succeed
reading...

handle cmd succeed
reading...

handle cmd succeed
reading...
client disconnect
connect succeed
reading...
client disconnect
connect succeed
reading...

handle cmd succeed
reading...

handle cmd succeed
reading...

handle cmd succeed
reading...

handle cmd succeed
reading...

handle cmd succeed
reading...

handle cmd succeed
reading...

handle cmd succeed
reading...
client disconnect
connect succeed
reading...

handle cmd succeed
reading...

handle cmd succeed
reading...

handle cmd succeed
reading...

handle cmd succeed
reading...

handle cmd succeed
reading...
client disconnect
connect succeed
reading...

handle cmd succeed
reading...

handle cmd succeed
reading...
client disconnect
connect succeed
reading...
client disconnect
connect succeed
reading...

reading...

handle cmd succeed
reading...
client disconnect
connect succeed
reading...

handle cmd succeed
reading...
client disconnect
connect succeed
reading...

handle cmd succeed
reading...

handle cmd succeed
reading...

handle cmd succeed
reading...
client disconnect
connect succeed
reading...

handle cmd succeed
reading...

handle cmd succeed
reading...

handle cmd succeed
reading...
client disconnect
connect succeed
reading...

handle cmd succeed
reading...

handle cmd succeed
reading...
client disconnect
connect succeed
reading...

handle cmd succeed
reading...

handle cmd succeed
reading...
client disconnect
